<?xml version="1.0" encoding="UTF-8"?>
<!-- Generated by org.testng.reporters.JUnitReportReporter -->
<testsuite hostname="Ravicreed" name="test.StepDefinitions.BookSite" tests="2" failures="0" timestamp="26 Apr 2020 11:09:04 GMT" time="38.330" errors="0">
  <testcase name="Chapter1" time="15.496" classname="test.StepDefinitions.BookSite"/>
  <testcase name="Chapter1" time="22.834" classname="test.StepDefinitions.BookSite"/>
</testsuite> <!-- test.StepDefinitions.BookSite -->
